<?xml version="1.0" encoding="UTF-8"?>
<!-- Generated by org.testng.reporters.JUnitReportReporter -->
<testsuite skipped="0" hostname="Inspiron" name="comm.orangehrm.testcases.DetailsTestCases" tests="1" failures="0" timestamp="09 Jul 2020 18:09:53 GMT" time="2.784" errors="0">
  <testcase name="informationEmployee" time="2.784" classname="comm.orangehrm.testcases.DetailsTestCases"/>
</testsuite> <!-- comm.orangehrm.testcases.DetailsTestCases -->
