<?xml version="1.0" encoding="UTF-8"?>
<!-- Generated by org.testng.reporters.JUnitReportReporter -->
<testsuite skipped="0" hostname="Inspiron" name="comm.orangehrm.testcases.LoginTestCases" tests="3" failures="0" timestamp="09 Jul 2020 18:09:53 GMT" time="11.866" errors="0">
  <testcase name="invalidLogin1" time="2.063" classname="comm.orangehrm.testcases.LoginTestCases"/>
  <testcase name="inavlidLogin1" time="1.803" classname="comm.orangehrm.testcases.LoginTestCases"/>
  <testcase name="validLogin" time="8.000" classname="comm.orangehrm.testcases.LoginTestCases"/>
</testsuite> <!-- comm.orangehrm.testcases.LoginTestCases -->
