<?xml version="1.0" encoding="UTF-8"?>
<!-- Generated by org.testng.reporters.JUnitReportReporter -->
<testsuite skipped="0" hostname="Inspiron" name="comm.orangehrm.testcases.LoginTestCases" tests="3" failures="0" timestamp="10 Jul 2020 19:15:55 GMT" time="12.947" errors="0">
  <testcase name="invalidLogin1" time="2.015" classname="comm.orangehrm.testcases.LoginTestCases"/>
  <testcase name="inavlidLogin1" time="2.100" classname="comm.orangehrm.testcases.LoginTestCases"/>
  <testcase name="validLogin" time="8.832" classname="comm.orangehrm.testcases.LoginTestCases"/>
</testsuite> <!-- comm.orangehrm.testcases.LoginTestCases -->
